{"numFailedTestSuites":0,"numFailedTests":0,"numPassedTestSuites":3,"numPassedTests":13,"numPendingTestSuites":0,"numPendingTests":0,"numRuntimeErrorTestSuites":0,"numTodoTests":0,"numTotalTestSuites":3,"numTotalTests":13,"openHandles":[],"snapshot":{"added":0,"didUpdate":false,"failure":false,"filesAdded":0,"filesRemoved":0,"filesRemovedList":[],"filesUnmatched":0,"filesUpdated":0,"matched":0,"total":0,"unchecked":0,"uncheckedKeysByFile":[],"unmatched":0,"updated":0},"startTime":1785391995504,"success":true,"testResults":[{"assertionResults":[{"ancestorTitles":["auth thunk flow"],"duration":32,"failureDetails":[],"failureMessages":[],"fullName":"auth thunk flow stores user credentials after a successful registration","invocations":1,"location":null,"numPassingAsserts":3,"retryReasons":[],"status":"passed","title":"stores user credentials after a successful registration"}],"endTime":1785392000210,"message":"","name":"C:\\Users\\goely\\OneDrive\\Desktop\\yash_incubyte\\frontend\\src\\store\\slices\\authSlice.test.ts","startTime":1785391998447,"status":"passed","summary":""},{"assertionResults":[{"ancestorTitles":["LoginPage"],"duration":821,"failureDetails":[],"failureMessages":[],"fullName":"LoginPage logs the user in successfully","invocations":1,"location":null,"numPassingAsserts":2,"retryReasons":[],"status":"passed","title":"logs the user in successfully"},{"ancestorTitles":["LoginPage"],"duration":722,"failureDetails":[],"failureMessages":[],"fullName":"LoginPage shows an invalid credentials error","invocations":1,"location":null,"numPassingAsserts":1,"retryReasons":[],"status":"passed","title":"shows an invalid credentials error"},{"ancestorTitles":["LoginPage"],"duration":668,"failureDetails":[],"failureMessages":[],"fullName":"LoginPage shows a loading state while login is pending","invocations":1,"location":null,"numPassingAsserts":1,"retryReasons":[],"status":"passed","title":"shows a loading state while login is pending"},{"ancestorTitles":["LoginPage"],"duration":639,"failureDetails":[],"failureMessages":[],"fullName":"LoginPage stores the JWT after a successful login","invocations":1,"location":null,"numPassingAsserts":1,"retryReasons":[],"status":"passed","title":"stores the JWT after a successful login"},{"ancestorTitles":["LoginPage"],"duration":646,"failureDetails":[],"failureMessages":[],"fullName":"LoginPage updates Redux auth state after a successful login","invocations":1,"location":null,"numPassingAsserts":2,"retryReasons":[],"status":"passed","title":"updates Redux auth state after a successful login"},{"ancestorTitles":["LoginPage"],"duration":734,"failureDetails":[],"failureMessages":[],"fullName":"LoginPage redirects to the dashboard after a successful login","invocations":1,"location":null,"numPassingAsserts":1,"retryReasons":[],"status":"passed","title":"redirects to the dashboard after a successful login"}],"endTime":1785392005322,"message":"","name":"C:\\Users\\goely\\OneDrive\\Desktop\\yash_incubyte\\frontend\\src\\pages\\auth\\LoginPage.test.tsx","startTime":1785391998476,"status":"passed","summary":""},{"assertionResults":[{"ancestorTitles":["RegisterPage"],"duration":1051,"failureDetails":[],"failureMessages":[],"fullName":"RegisterPage submits valid registration data and creates the user account","invocations":1,"location":null,"numPassingAsserts":1,"retryReasons":[],"status":"passed","title":"submits valid registration data and creates the user account"},{"ancestorTitles":["RegisterPage"],"duration":897,"failureDetails":[],"failureMessages":[],"fullName":"RegisterPage shows an invalid email validation error","invocations":1,"location":null,"numPassingAsserts":1,"retryReasons":[],"status":"passed","title":"shows an invalid email validation error"},{"ancestorTitles":["RegisterPage"],"duration":109,"failureDetails":[],"failureMessages":[],"fullName":"RegisterPage shows required field errors for empty submission","invocations":1,"location":null,"numPassingAsserts":3,"retryReasons":[],"status":"passed","title":"shows required field errors for empty submission"},{"ancestorTitles":["RegisterPage"],"duration":952,"failureDetails":[],"failureMessages":[],"fullName":"RegisterPage shows a duplicate email error when the service rejects the request","invocations":1,"location":null,"numPassingAsserts":1,"retryReasons":[],"status":"passed","title":"shows a duplicate email error when the service rejects the request"},{"ancestorTitles":["RegisterPage"],"duration":927,"failureDetails":[],"failureMessages":[],"fullName":"RegisterPage shows a loading state while registration is pending","invocations":1,"location":null,"numPassingAsserts":1,"retryReasons":[],"status":"passed","title":"shows a loading state while registration is pending"},{"ancestorTitles":["RegisterPage"],"duration":917,"failureDetails":[],"failureMessages":[],"fullName":"RegisterPage navigates to the dashboard after a successful registration","invocations":1,"location":null,"numPassingAsserts":1,"retryReasons":[],"status":"passed","title":"navigates to the dashboard after a successful registration"}],"endTime":1785392005929,"message":"","name":"C:\\Users\\goely\\OneDrive\\Desktop\\yash_incubyte\\frontend\\src\\pages\\auth\\RegisterPage.test.tsx","startTime":1785391998449,"status":"passed","summary":""}],"wasInterrupted":false}
