{"numFailedTestSuites":0,"numFailedTests":0,"numPassedTestSuites":1,"numPassedTests":6,"numPendingTestSuites":0,"numPendingTests":0,"numRuntimeErrorTestSuites":0,"numTodoTests":0,"numTotalTestSuites":1,"numTotalTests":6,"openHandles":[],"snapshot":{"added":0,"didUpdate":false,"failure":false,"filesAdded":0,"filesRemoved":0,"filesRemovedList":[],"filesUnmatched":0,"filesUpdated":0,"matched":0,"total":0,"unchecked":0,"uncheckedKeysByFile":[],"unmatched":0,"updated":0},"startTime":1785391970203,"success":true,"testResults":[{"assertionResults":[{"ancestorTitles":["LoginPage"],"duration":825,"failureDetails":[],"failureMessages":[],"fullName":"LoginPage logs the user in successfully","invocations":1,"location":null,"numPassingAsserts":2,"retryReasons":[],"status":"passed","title":"logs the user in successfully"},{"ancestorTitles":["LoginPage"],"duration":779,"failureDetails":[],"failureMessages":[],"fullName":"LoginPage shows an invalid credentials error","invocations":1,"location":null,"numPassingAsserts":1,"retryReasons":[],"status":"passed","title":"shows an invalid credentials error"},{"ancestorTitles":["LoginPage"],"duration":700,"failureDetails":[],"failureMessages":[],"fullName":"LoginPage shows a loading state while login is pending","invocations":1,"location":null,"numPassingAsserts":1,"retryReasons":[],"status":"passed","title":"shows a loading state while login is pending"},{"ancestorTitles":["LoginPage"],"duration":685,"failureDetails":[],"failureMessages":[],"fullName":"LoginPage stores the JWT after a successful login","invocations":1,"location":null,"numPassingAsserts":1,"retryReasons":[],"status":"passed","title":"stores the JWT after a successful login"},{"ancestorTitles":["LoginPage"],"duration":658,"failureDetails":[],"failureMessages":[],"fullName":"LoginPage updates Redux auth state after a successful login","invocations":1,"location":null,"numPassingAsserts":2,"retryReasons":[],"status":"passed","title":"updates Redux auth state after a successful login"},{"ancestorTitles":["LoginPage"],"duration":642,"failureDetails":[],"failureMessages":[],"fullName":"LoginPage redirects to the dashboard after a successful login","invocations":1,"location":null,"numPassingAsserts":1,"retryReasons":[],"status":"passed","title":"redirects to the dashboard after a successful login"}],"endTime":1785391978358,"message":"","name":"C:\\Users\\goely\\OneDrive\\Desktop\\yash_incubyte\\frontend\\src\\pages\\auth\\LoginPage.test.tsx","startTime":1785391972120,"status":"passed","summary":""}],"wasInterrupted":false}
