{"numFailedTestSuites":0,"numFailedTests":0,"numPassedTestSuites":8,"numPassedTests":33,"numPendingTestSuites":0,"numPendingTests":0,"numRuntimeErrorTestSuites":0,"numTodoTests":0,"numTotalTestSuites":8,"numTotalTests":33,"openHandles":[],"snapshot":{"added":0,"didUpdate":false,"failure":false,"filesAdded":0,"filesRemoved":0,"filesRemovedList":[],"filesUnmatched":0,"filesUpdated":0,"matched":0,"total":0,"unchecked":0,"uncheckedKeysByFile":[],"unmatched":0,"updated":0},"startTime":1785344081375,"success":true,"testResults":[{"assertionResults":[{"ancestorTitles":["Vehicles API - Update Vehicle","PUT /api/vehicles/:id"],"duration":52,"failureDetails":[],"failureMessages":[],"fullName":"Vehicles API - Update Vehicle PUT /api/vehicles/:id should fail with 401 when request is unauthorized (no token provided)","invocations":1,"location":null,"numPassingAsserts":2,"retryReasons":[],"status":"passed","title":"should fail with 401 when request is unauthorized (no token provided)"},{"ancestorTitles":["Vehicles API - Update Vehicle","PUT /api/vehicles/:id"],"duration":20,"failureDetails":[],"failureMessages":[],"fullName":"Vehicles API - Update Vehicle PUT /api/vehicles/:id should fail with 400 when validation errors occur (e.g., negative price)","invocations":1,"location":null,"numPassingAsserts":2,"retryReasons":[],"status":"passed","title":"should fail with 400 when validation errors occur (e.g., negative price)"},{"ancestorTitles":["Vehicles API - Update Vehicle","PUT /api/vehicles/:id"],"duration":24,"failureDetails":[],"failureMessages":[],"fullName":"Vehicles API - Update Vehicle PUT /api/vehicles/:id should fail with 404 when providing a non-existent vehicle ID","invocations":1,"location":null,"numPassingAsserts":2,"retryReasons":[],"status":"passed","title":"should fail with 404 when providing a non-existent vehicle ID"},{"ancestorTitles":["Vehicles API - Update Vehicle","PUT /api/vehicles/:id"],"duration":16,"failureDetails":[],"failureMessages":[],"fullName":"Vehicles API - Update Vehicle PUT /api/vehicles/:id should fail with 400 when providing a malformed ID","invocations":1,"location":null,"numPassingAsserts":2,"retryReasons":[],"status":"passed","title":"should fail with 400 when providing a malformed ID"},{"ancestorTitles":["Vehicles API - Update Vehicle","PUT /api/vehicles/:id"],"duration":16,"failureDetails":[],"failureMessages":[],"fullName":"Vehicles API - Update Vehicle PUT /api/vehicles/:id should successfully update the vehicle and return 200 properly","invocations":1,"location":null,"numPassingAsserts":5,"retryReasons":[],"status":"passed","title":"should successfully update the vehicle and return 200 properly"}],"endTime":1785344093812,"message":"","name":"C:\\Users\\goely\\OneDrive\\Desktop\\yash_incubyte\\backend\\tests\\vehicles.update.test.ts","startTime":1785344082557,"status":"passed","summary":""},{"assertionResults":[{"ancestorTitles":["App Integration Tests","GET /health"],"duration":70,"failureDetails":[],"failureMessages":[],"fullName":"App Integration Tests GET /health should return strong 200 OK and { status: \"UP\" }","invocations":1,"location":null,"numPassingAsserts":2,"retryReasons":[],"status":"passed","title":"should return strong 200 OK and { status: \"UP\" }"}],"endTime":1785344094335,"message":"","name":"C:\\Users\\goely\\OneDrive\\Desktop\\yash_incubyte\\backend\\tests\\app.test.ts","startTime":1785344082573,"status":"passed","summary":""},{"assertionResults":[{"ancestorTitles":["Vehicles API - List Vehicles","GET /api/vehicles"],"duration":69,"failureDetails":[],"failureMessages":[],"fullName":"Vehicles API - List Vehicles GET /api/vehicles should fail with 401 when the request is unauthenticated","invocations":1,"location":null,"numPassingAsserts":2,"retryReasons":[],"status":"passed","title":"should fail with 401 when the request is unauthenticated"},{"ancestorTitles":["Vehicles API - List Vehicles","GET /api/vehicles"],"duration":13,"failureDetails":[],"failureMessages":[],"fullName":"Vehicles API - List Vehicles GET /api/vehicles should return 200 and an empty array when inventory is empty","invocations":1,"location":null,"numPassingAsserts":4,"retryReasons":[],"status":"passed","title":"should return 200 and an empty array when inventory is empty"},{"ancestorTitles":["Vehicles API - List Vehicles","GET /api/vehicles"],"duration":28,"failureDetails":[],"failureMessages":[],"fullName":"Vehicles API - List Vehicles GET /api/vehicles should return 200 and a populated array when inventory has vehicles","invocations":1,"location":null,"numPassingAsserts":8,"retryReasons":[],"status":"passed","title":"should return 200 and a populated array when inventory has vehicles"}],"endTime":1785344094647,"message":"","name":"C:\\Users\\goely\\OneDrive\\Desktop\\yash_incubyte\\backend\\tests\\vehicles.list.test.ts","startTime":1785344082481,"status":"passed","summary":""},{"assertionResults":[{"ancestorTitles":["JWT Authentication Middleware"],"duration":40,"failureDetails":[],"failureMessages":[],"fullName":"JWT Authentication Middleware should allow access with a valid token and return user payload","invocations":1,"location":null,"numPassingAsserts":2,"retryReasons":[],"status":"passed","title":"should allow access with a valid token and return user payload"},{"ancestorTitles":["JWT Authentication Middleware"],"duration":11,"failureDetails":[],"failureMessages":[],"fullName":"JWT Authentication Middleware should reject with 401 when token is invalid","invocations":1,"location":null,"numPassingAsserts":2,"retryReasons":[],"status":"passed","title":"should reject with 401 when token is invalid"},{"ancestorTitles":["JWT Authentication Middleware"],"duration":14,"failureDetails":[],"failureMessages":[],"fullName":"JWT Authentication Middleware should reject with 401 when token is expired","invocations":1,"location":null,"numPassingAsserts":2,"retryReasons":[],"status":"passed","title":"should reject with 401 when token is expired"},{"ancestorTitles":["JWT Authentication Middleware"],"duration":10,"failureDetails":[],"failureMessages":[],"fullName":"JWT Authentication Middleware should reject with 401 when Authorization header is missing","invocations":1,"location":null,"numPassingAsserts":2,"retryReasons":[],"status":"passed","title":"should reject with 401 when Authorization header is missing"}],"endTime":1785344094801,"message":"","name":"C:\\Users\\goely\\OneDrive\\Desktop\\yash_incubyte\\backend\\tests\\jwt.middleware.test.ts","startTime":1785344082514,"status":"passed","summary":""},{"assertionResults":[{"ancestorTitles":["Auth API - User Registration","POST /api/auth/register"],"duration":350,"failureDetails":[],"failureMessages":[],"fullName":"Auth API - User Registration POST /api/auth/register should successfully register a user and return 201","invocations":1,"location":null,"numPassingAsserts":5,"retryReasons":[],"status":"passed","title":"should successfully register a user and return 201"},{"ancestorTitles":["Auth API - User Registration","POST /api/auth/register"],"duration":13,"failureDetails":[],"failureMessages":[],"fullName":"Auth API - User Registration POST /api/auth/register should fail with 400 when email is missing","invocations":1,"location":null,"numPassingAsserts":2,"retryReasons":[],"status":"passed","title":"should fail with 400 when email is missing"},{"ancestorTitles":["Auth API - User Registration","POST /api/auth/register"],"duration":12,"failureDetails":[],"failureMessages":[],"fullName":"Auth API - User Registration POST /api/auth/register should fail with 400 when password is missing","invocations":1,"location":null,"numPassingAsserts":2,"retryReasons":[],"status":"passed","title":"should fail with 400 when password is missing"},{"ancestorTitles":["Auth API - User Registration","POST /api/auth/register"],"duration":9,"failureDetails":[],"failureMessages":[],"fullName":"Auth API - User Registration POST /api/auth/register should fail with 400 when email format is invalid","invocations":1,"location":null,"numPassingAsserts":2,"retryReasons":[],"status":"passed","title":"should fail with 400 when email format is invalid"},{"ancestorTitles":["Auth API - User Registration","POST /api/auth/register"],"duration":144,"failureDetails":[],"failureMessages":[],"fullName":"Auth API - User Registration POST /api/auth/register should fail with 409 when the email is already registered","invocations":1,"location":null,"numPassingAsserts":2,"retryReasons":[],"status":"passed","title":"should fail with 409 when the email is already registered"}],"endTime":1785344094861,"message":"","name":"C:\\Users\\goely\\OneDrive\\Desktop\\yash_incubyte\\backend\\tests\\auth.test.ts","startTime":1785344082533,"status":"passed","summary":""},{"assertionResults":[{"ancestorTitles":["Auth API - User Login","POST /api/auth/login"],"duration":176,"failureDetails":[],"failureMessages":[],"fullName":"Auth API - User Login POST /api/auth/login should login successfully and return 200 with a JWT token","invocations":1,"location":null,"numPassingAsserts":3,"retryReasons":[],"status":"passed","title":"should login successfully and return 200 with a JWT token"},{"ancestorTitles":["Auth API - User Login","POST /api/auth/login"],"duration":128,"failureDetails":[],"failureMessages":[],"fullName":"Auth API - User Login POST /api/auth/login should fail with 401 when password is wrong","invocations":1,"location":null,"numPassingAsserts":2,"retryReasons":[],"status":"passed","title":"should fail with 401 when password is wrong"},{"ancestorTitles":["Auth API - User Login","POST /api/auth/login"],"duration":7,"failureDetails":[],"failureMessages":[],"fullName":"Auth API - User Login POST /api/auth/login should fail with 404 when user is not found","invocations":1,"location":null,"numPassingAsserts":2,"retryReasons":[],"status":"passed","title":"should fail with 404 when user is not found"},{"ancestorTitles":["Auth API - User Login","POST /api/auth/login"],"duration":8,"failureDetails":[],"failureMessages":[],"fullName":"Auth API - User Login POST /api/auth/login should fail with 400 when email is missing","invocations":1,"location":null,"numPassingAsserts":2,"retryReasons":[],"status":"passed","title":"should fail with 400 when email is missing"},{"ancestorTitles":["Auth API - User Login","POST /api/auth/login"],"duration":9,"failureDetails":[],"failureMessages":[],"fullName":"Auth API - User Login POST /api/auth/login should fail with 400 when password is missing","invocations":1,"location":null,"numPassingAsserts":2,"retryReasons":[],"status":"passed","title":"should fail with 400 when password is missing"}],"endTime":1785344095100,"message":"","name":"C:\\Users\\goely\\OneDrive\\Desktop\\yash_incubyte\\backend\\tests\\login.test.ts","startTime":1785344082466,"status":"passed","summary":""},{"assertionResults":[{"ancestorTitles":["Vehicles API - Create Vehicle","POST /api/vehicles"],"duration":23,"failureDetails":[],"failureMessages":[],"fullName":"Vehicles API - Create Vehicle POST /api/vehicles should fail with 401 when the request is unauthenticated","invocations":1,"location":null,"numPassingAsserts":2,"retryReasons":[],"status":"passed","title":"should fail with 401 when the request is unauthenticated"},{"ancestorTitles":["Vehicles API - Create Vehicle","POST /api/vehicles"],"duration":11,"failureDetails":[],"failureMessages":[],"fullName":"Vehicles API - Create Vehicle POST /api/vehicles should fail with 400 when validation fails (e.g., missing required fields)","invocations":1,"location":null,"numPassingAsserts":2,"retryReasons":[],"status":"passed","title":"should fail with 400 when validation fails (e.g., missing required fields)"},{"ancestorTitles":["Vehicles API - Create Vehicle","POST /api/vehicles"],"duration":9,"failureDetails":[],"failureMessages":[],"fullName":"Vehicles API - Create Vehicle POST /api/vehicles should fail with 400 when validation fails (e.g., invalid data types or constraints)","invocations":1,"location":null,"numPassingAsserts":2,"retryReasons":[],"status":"passed","title":"should fail with 400 when validation fails (e.g., invalid data types or constraints)"},{"ancestorTitles":["Vehicles API - Create Vehicle","POST /api/vehicles"],"duration":12,"failureDetails":[],"failureMessages":[],"fullName":"Vehicles API - Create Vehicle POST /api/vehicles should successfully create a vehicle and return 201 when authenticated and payload is valid","invocations":1,"location":null,"numPassingAsserts":8,"retryReasons":[],"status":"passed","title":"should successfully create a vehicle and return 201 when authenticated and payload is valid"}],"endTime":1785344095151,"message":"","name":"C:\\Users\\goely\\OneDrive\\Desktop\\yash_incubyte\\backend\\tests\\vehicles.test.ts","startTime":1785344082484,"status":"passed","summary":""},{"assertionResults":[{"ancestorTitles":["Vehicles API - Search Vehicles","GET /api/vehicles/search"],"duration":24,"failureDetails":[],"failureMessages":[],"fullName":"Vehicles API - Search Vehicles GET /api/vehicles/search should filter vehicles by make","invocations":1,"location":null,"numPassingAsserts":4,"retryReasons":[],"status":"passed","title":"should filter vehicles by make"},{"ancestorTitles":["Vehicles API - Search Vehicles","GET /api/vehicles/search"],"duration":6,"failureDetails":[],"failureMessages":[],"fullName":"Vehicles API - Search Vehicles GET /api/vehicles/search should filter vehicles by model","invocations":1,"location":null,"numPassingAsserts":3,"retryReasons":[],"status":"passed","title":"should filter vehicles by model"},{"ancestorTitles":["Vehicles API - Search Vehicles","GET /api/vehicles/search"],"duration":9,"failureDetails":[],"failureMessages":[],"fullName":"Vehicles API - Search Vehicles GET /api/vehicles/search should filter vehicles by category","invocations":1,"location":null,"numPassingAsserts":4,"retryReasons":[],"status":"passed","title":"should filter vehicles by category"},{"ancestorTitles":["Vehicles API - Search Vehicles","GET /api/vehicles/search"],"duration":9,"failureDetails":[],"failureMessages":[],"fullName":"Vehicles API - Search Vehicles GET /api/vehicles/search should filter vehicles by minimum price (minPrice)","invocations":1,"location":null,"numPassingAsserts":3,"retryReasons":[],"status":"passed","title":"should filter vehicles by minimum price (minPrice)"},{"ancestorTitles":["Vehicles API - Search Vehicles","GET /api/vehicles/search"],"duration":8,"failureDetails":[],"failureMessages":[],"fullName":"Vehicles API - Search Vehicles GET /api/vehicles/search should filter vehicles by maximum price (maxPrice)","invocations":1,"location":null,"numPassingAsserts":3,"retryReasons":[],"status":"passed","title":"should filter vehicles by maximum price (maxPrice)"},{"ancestorTitles":["Vehicles API - Search Vehicles","GET /api/vehicles/search"],"duration":7,"failureDetails":[],"failureMessages":[],"fullName":"Vehicles API - Search Vehicles GET /api/vehicles/search should combine multiple search filters accurately","invocations":1,"location":null,"numPassingAsserts":3,"retryReasons":[],"status":"passed","title":"should combine multiple search filters accurately"}],"endTime":1785344095372,"message":"","name":"C:\\Users\\goely\\OneDrive\\Desktop\\yash_incubyte\\backend\\tests\\vehicles.search.test.ts","startTime":1785344082559,"status":"passed","summary":""}],"wasInterrupted":false}
