{"numFailedTestSuites":0,"numFailedTests":0,"numPassedTestSuites":1,"numPassedTests":6,"numPendingTestSuites":0,"numPendingTests":0,"numRuntimeErrorTestSuites":0,"numTodoTests":0,"numTotalTestSuites":1,"numTotalTests":6,"openHandles":[],"snapshot":{"added":0,"didUpdate":false,"failure":false,"filesAdded":0,"filesRemoved":0,"filesRemovedList":[],"filesUnmatched":0,"filesUpdated":0,"matched":0,"total":0,"unchecked":0,"uncheckedKeysByFile":[],"unmatched":0,"updated":0},"startTime":1785348686423,"success":true,"testResults":[{"assertionResults":[{"ancestorTitles":["Vehicles API - Restock Vehicle","POST /api/vehicles/:id/restock"],"duration":17,"failureDetails":[],"failureMessages":[],"fullName":"Vehicles API - Restock Vehicle POST /api/vehicles/:id/restock should fail with 401 when no token is provided","invocations":1,"location":null,"numPassingAsserts":2,"retryReasons":[],"status":"passed","title":"should fail with 401 when no token is provided"},{"ancestorTitles":["Vehicles API - Restock Vehicle","POST /api/vehicles/:id/restock"],"duration":15,"failureDetails":[],"failureMessages":[],"fullName":"Vehicles API - Restock Vehicle POST /api/vehicles/:id/restock should fail with 403 when a non-admin (normal user) tries to restock","invocations":1,"location":null,"numPassingAsserts":2,"retryReasons":[],"status":"passed","title":"should fail with 403 when a non-admin (normal user) tries to restock"},{"ancestorTitles":["Vehicles API - Restock Vehicle","POST /api/vehicles/:id/restock"],"duration":16,"failureDetails":[],"failureMessages":[],"fullName":"Vehicles API - Restock Vehicle POST /api/vehicles/:id/restock should fail with 400 when the vehicle ID is malformed (invalid id)","invocations":1,"location":null,"numPassingAsserts":2,"retryReasons":[],"status":"passed","title":"should fail with 400 when the vehicle ID is malformed (invalid id)"},{"ancestorTitles":["Vehicles API - Restock Vehicle","POST /api/vehicles/:id/restock"],"duration":19,"failureDetails":[],"failureMessages":[],"fullName":"Vehicles API - Restock Vehicle POST /api/vehicles/:id/restock should fail with 404 when the vehicle does not exist","invocations":1,"location":null,"numPassingAsserts":2,"retryReasons":[],"status":"passed","title":"should fail with 404 when the vehicle does not exist"},{"ancestorTitles":["Vehicles API - Restock Vehicle","POST /api/vehicles/:id/restock"],"duration":15,"failureDetails":[],"failureMessages":[],"fullName":"Vehicles API - Restock Vehicle POST /api/vehicles/:id/restock should successfully restock a vehicle and return 200 (ADMIN)","invocations":1,"location":null,"numPassingAsserts":4,"retryReasons":[],"status":"passed","title":"should successfully restock a vehicle and return 200 (ADMIN)"},{"ancestorTitles":["Vehicles API - Restock Vehicle","POST /api/vehicles/:id/restock"],"duration":10,"failureDetails":[],"failureMessages":[],"fullName":"Vehicles API - Restock Vehicle POST /api/vehicles/:id/restock should verify the vehicle is actually marked as AVAILABLE after restock","invocations":1,"location":null,"numPassingAsserts":2,"retryReasons":[],"status":"passed","title":"should verify the vehicle is actually marked as AVAILABLE after restock"}],"endTime":1785348693090,"message":"","name":"C:\\Users\\goely\\OneDrive\\Desktop\\yash_incubyte\\backend\\tests\\vehicles.restock.test.ts","startTime":1785348686769,"status":"passed","summary":""}],"wasInterrupted":false}
