{"numFailedTestSuites":0,"numFailedTests":0,"numPassedTestSuites":1,"numPassedTests":5,"numPendingTestSuites":0,"numPendingTests":0,"numRuntimeErrorTestSuites":0,"numTodoTests":0,"numTotalTestSuites":1,"numTotalTests":5,"openHandles":[],"snapshot":{"added":0,"didUpdate":false,"failure":false,"filesAdded":0,"filesRemoved":0,"filesRemovedList":[],"filesUnmatched":0,"filesUpdated":0,"matched":0,"total":0,"unchecked":0,"uncheckedKeysByFile":[],"unmatched":0,"updated":0},"startTime":1785347812928,"success":true,"testResults":[{"assertionResults":[{"ancestorTitles":["Vehicles API - Purchase Vehicle","POST /api/vehicles/:id/purchase"],"duration":49,"failureDetails":[],"failureMessages":[],"fullName":"Vehicles API - Purchase Vehicle POST /api/vehicles/:id/purchase should fail with 400 when the vehicle ID is malformed (invalid id)","invocations":1,"location":null,"numPassingAsserts":2,"retryReasons":[],"status":"passed","title":"should fail with 400 when the vehicle ID is malformed (invalid id)"},{"ancestorTitles":["Vehicles API - Purchase Vehicle","POST /api/vehicles/:id/purchase"],"duration":49,"failureDetails":[],"failureMessages":[],"fullName":"Vehicles API - Purchase Vehicle POST /api/vehicles/:id/purchase should fail with 404 when the vehicle does not exist (invalid id)","invocations":1,"location":null,"numPassingAsserts":2,"retryReasons":[],"status":"passed","title":"should fail with 404 when the vehicle does not exist (invalid id)"},{"ancestorTitles":["Vehicles API - Purchase Vehicle","POST /api/vehicles/:id/purchase"],"duration":42,"failureDetails":[],"failureMessages":[],"fullName":"Vehicles API - Purchase Vehicle POST /api/vehicles/:id/purchase should fail with 400 when the vehicle is out of stock (already SOLD)","invocations":1,"location":null,"numPassingAsserts":2,"retryReasons":[],"status":"passed","title":"should fail with 400 when the vehicle is out of stock (already SOLD)"},{"ancestorTitles":["Vehicles API - Purchase Vehicle","POST /api/vehicles/:id/purchase"],"duration":37,"failureDetails":[],"failureMessages":[],"fullName":"Vehicles API - Purchase Vehicle POST /api/vehicles/:id/purchase should successfully purchase an available vehicle and return 200","invocations":1,"location":null,"numPassingAsserts":4,"retryReasons":[],"status":"passed","title":"should successfully purchase an available vehicle and return 200"},{"ancestorTitles":["Vehicles API - Purchase Vehicle","POST /api/vehicles/:id/purchase"],"duration":51,"failureDetails":[],"failureMessages":[],"fullName":"Vehicles API - Purchase Vehicle POST /api/vehicles/:id/purchase should verify the vehicle is actually marked as SOLD after purchase","invocations":1,"location":null,"numPassingAsserts":2,"retryReasons":[],"status":"passed","title":"should verify the vehicle is actually marked as SOLD after purchase"}],"endTime":1785347832862,"message":"","name":"C:\\Users\\goely\\OneDrive\\Desktop\\yash_incubyte\\backend\\tests\\vehicles.purchase.test.ts","startTime":1785347813243,"status":"passed","summary":""}],"wasInterrupted":false}
