{"numFailedTestSuites":1,"numFailedTests":5,"numPassedTestSuites":8,"numPassedTests":33,"numPendingTestSuites":0,"numPendingTests":0,"numRuntimeErrorTestSuites":0,"numTodoTests":0,"numTotalTestSuites":9,"numTotalTests":38,"openHandles":[],"snapshot":{"added":0,"didUpdate":false,"failure":false,"filesAdded":0,"filesRemoved":0,"filesRemovedList":[],"filesUnmatched":0,"filesUpdated":0,"matched":0,"total":0,"unchecked":0,"uncheckedKeysByFile":[],"unmatched":0,"updated":0},"startTime":1785345011109,"success":false,"testResults":[{"assertionResults":[{"ancestorTitles":["App Integration Tests","GET /health"],"duration":155,"failureDetails":[],"failureMessages":[],"fullName":"App Integration Tests GET /health should return strong 200 OK and { status: \"UP\" }","invocations":1,"location":null,"numPassingAsserts":2,"retryReasons":[],"status":"passed","title":"should return strong 200 OK and { status: \"UP\" }"}],"endTime":1785345027781,"message":"","name":"C:\\Users\\goely\\OneDrive\\Desktop\\yash_incubyte\\backend\\tests\\app.test.ts","startTime":1785345012566,"status":"passed","summary":""},{"assertionResults":[{"ancestorTitles":["Vehicles API - Search Vehicles","GET /api/vehicles/search"],"duration":55,"failureDetails":[],"failureMessages":[],"fullName":"Vehicles API - Search Vehicles GET /api/vehicles/search should filter vehicles by make","invocations":1,"location":null,"numPassingAsserts":4,"retryReasons":[],"status":"passed","title":"should filter vehicles by make"},{"ancestorTitles":["Vehicles API - Search Vehicles","GET /api/vehicles/search"],"duration":19,"failureDetails":[],"failureMessages":[],"fullName":"Vehicles API - Search Vehicles GET /api/vehicles/search should filter vehicles by model","invocations":1,"location":null,"numPassingAsserts":3,"retryReasons":[],"status":"passed","title":"should filter vehicles by model"},{"ancestorTitles":["Vehicles API - Search Vehicles","GET /api/vehicles/search"],"duration":20,"failureDetails":[],"failureMessages":[],"fullName":"Vehicles API - Search Vehicles GET /api/vehicles/search should filter vehicles by category","invocations":1,"location":null,"numPassingAsserts":4,"retryReasons":[],"status":"passed","title":"should filter vehicles by category"},{"ancestorTitles":["Vehicles API - Search Vehicles","GET /api/vehicles/search"],"duration":16,"failureDetails":[],"failureMessages":[],"fullName":"Vehicles API - Search Vehicles GET /api/vehicles/search should filter vehicles by minimum price (minPrice)","invocations":1,"location":null,"numPassingAsserts":3,"retryReasons":[],"status":"passed","title":"should filter vehicles by minimum price (minPrice)"},{"ancestorTitles":["Vehicles API - Search Vehicles","GET /api/vehicles/search"],"duration":16,"failureDetails":[],"failureMessages":[],"fullName":"Vehicles API - Search Vehicles GET /api/vehicles/search should filter vehicles by maximum price (maxPrice)","invocations":1,"location":null,"numPassingAsserts":3,"retryReasons":[],"status":"passed","title":"should filter vehicles by maximum price (maxPrice)"},{"ancestorTitles":["Vehicles API - Search Vehicles","GET /api/vehicles/search"],"duration":15,"failureDetails":[],"failureMessages":[],"fullName":"Vehicles API - Search Vehicles GET /api/vehicles/search should combine multiple search filters accurately","invocations":1,"location":null,"numPassingAsserts":3,"retryReasons":[],"status":"passed","title":"should combine multiple search filters accurately"}],"endTime":1785345027972,"message":"","name":"C:\\Users\\goely\\OneDrive\\Desktop\\yash_incubyte\\backend\\tests\\vehicles.search.test.ts","startTime":1785345012464,"status":"passed","summary":""},{"assertionResults":[{"ancestorTitles":["Vehicles API - Update Vehicle","PUT /api/vehicles/:id"],"duration":50,"failureDetails":[],"failureMessages":[],"fullName":"Vehicles API - Update Vehicle PUT /api/vehicles/:id should fail with 401 when request is unauthorized (no token provided)","invocations":1,"location":null,"numPassingAsserts":2,"retryReasons":[],"status":"passed","title":"should fail with 401 when request is unauthorized (no token provided)"},{"ancestorTitles":["Vehicles API - Update Vehicle","PUT /api/vehicles/:id"],"duration":19,"failureDetails":[],"failureMessages":[],"fullName":"Vehicles API - Update Vehicle PUT /api/vehicles/:id should fail with 400 when validation errors occur (e.g., negative price)","invocations":1,"location":null,"numPassingAsserts":2,"retryReasons":[],"status":"passed","title":"should fail with 400 when validation errors occur (e.g., negative price)"},{"ancestorTitles":["Vehicles API - Update Vehicle","PUT /api/vehicles/:id"],"duration":19,"failureDetails":[],"failureMessages":[],"fullName":"Vehicles API - Update Vehicle PUT /api/vehicles/:id should fail with 404 when providing a non-existent vehicle ID","invocations":1,"location":null,"numPassingAsserts":2,"retryReasons":[],"status":"passed","title":"should fail with 404 when providing a non-existent vehicle ID"},{"ancestorTitles":["Vehicles API - Update Vehicle","PUT /api/vehicles/:id"],"duration":19,"failureDetails":[],"failureMessages":[],"fullName":"Vehicles API - Update Vehicle PUT /api/vehicles/:id should fail with 400 when providing a malformed ID","invocations":1,"location":null,"numPassingAsserts":2,"retryReasons":[],"status":"passed","title":"should fail with 400 when providing a malformed ID"},{"ancestorTitles":["Vehicles API - Update Vehicle","PUT /api/vehicles/:id"],"duration":26,"failureDetails":[],"failureMessages":[],"fullName":"Vehicles API - Update Vehicle PUT /api/vehicles/:id should successfully update the vehicle and return 200 properly","invocations":1,"location":null,"numPassingAsserts":5,"retryReasons":[],"status":"passed","title":"should successfully update the vehicle and return 200 properly"}],"endTime":1785345028015,"message":"","name":"C:\\Users\\goely\\OneDrive\\Desktop\\yash_incubyte\\backend\\tests\\vehicles.update.test.ts","startTime":1785345012433,"status":"passed","summary":""},{"assertionResults":[{"ancestorTitles":["Auth API - User Registration","POST /api/auth/register"],"duration":489,"failureDetails":[],"failureMessages":[],"fullName":"Auth API - User Registration POST /api/auth/register should successfully register a user and return 201","invocations":1,"location":null,"numPassingAsserts":5,"retryReasons":[],"status":"passed","title":"should successfully register a user and return 201"},{"ancestorTitles":["Auth API - User Registration","POST /api/auth/register"],"duration":25,"failureDetails":[],"failureMessages":[],"fullName":"Auth API - User Registration POST /api/auth/register should fail with 400 when email is missing","invocations":1,"location":null,"numPassingAsserts":2,"retryReasons":[],"status":"passed","title":"should fail with 400 when email is missing"},{"ancestorTitles":["Auth API - User Registration","POST /api/auth/register"],"duration":17,"failureDetails":[],"failureMessages":[],"fullName":"Auth API - User Registration POST /api/auth/register should fail with 400 when password is missing","invocations":1,"location":null,"numPassingAsserts":2,"retryReasons":[],"status":"passed","title":"should fail with 400 when password is missing"},{"ancestorTitles":["Auth API - User Registration","POST /api/auth/register"],"duration":15,"failureDetails":[],"failureMessages":[],"fullName":"Auth API - User Registration POST /api/auth/register should fail with 400 when email format is invalid","invocations":1,"location":null,"numPassingAsserts":2,"retryReasons":[],"status":"passed","title":"should fail with 400 when email format is invalid"},{"ancestorTitles":["Auth API - User Registration","POST /api/auth/register"],"duration":249,"failureDetails":[],"failureMessages":[],"fullName":"Auth API - User Registration POST /api/auth/register should fail with 409 when the email is already registered","invocations":1,"location":null,"numPassingAsserts":2,"retryReasons":[],"status":"passed","title":"should fail with 409 when the email is already registered"}],"endTime":1785345027986,"message":"","name":"C:\\Users\\goely\\OneDrive\\Desktop\\yash_incubyte\\backend\\tests\\auth.test.ts","startTime":1785345012506,"status":"passed","summary":""},{"assertionResults":[{"ancestorTitles":["JWT Authentication Middleware"],"duration":61,"failureDetails":[],"failureMessages":[],"fullName":"JWT Authentication Middleware should allow access with a valid token and return user payload","invocations":1,"location":null,"numPassingAsserts":2,"retryReasons":[],"status":"passed","title":"should allow access with a valid token and return user payload"},{"ancestorTitles":["JWT Authentication Middleware"],"duration":17,"failureDetails":[],"failureMessages":[],"fullName":"JWT Authentication Middleware should reject with 401 when token is invalid","invocations":1,"location":null,"numPassingAsserts":2,"retryReasons":[],"status":"passed","title":"should reject with 401 when token is invalid"},{"ancestorTitles":["JWT Authentication Middleware"],"duration":20,"failureDetails":[],"failureMessages":[],"fullName":"JWT Authentication Middleware should reject with 401 when token is expired","invocations":1,"location":null,"numPassingAsserts":2,"retryReasons":[],"status":"passed","title":"should reject with 401 when token is expired"},{"ancestorTitles":["JWT Authentication Middleware"],"duration":14,"failureDetails":[],"failureMessages":[],"fullName":"JWT Authentication Middleware should reject with 401 when Authorization header is missing","invocations":1,"location":null,"numPassingAsserts":2,"retryReasons":[],"status":"passed","title":"should reject with 401 when Authorization header is missing"}],"endTime":1785345028135,"message":"","name":"C:\\Users\\goely\\OneDrive\\Desktop\\yash_incubyte\\backend\\tests\\jwt.middleware.test.ts","startTime":1785345012543,"status":"passed","summary":""},{"assertionResults":[{"ancestorTitles":["Vehicles API - Delete Vehicle","DELETE /api/vehicles/:id"],"duration":59,"failureDetails":[{"matcherResult":{"actual":404,"expected":401,"message":"\u001b[2mexpect(\u001b[22m\u001b[31mreceived\u001b[39m\u001b[2m).\u001b[22mtoBe\u001b[2m(\u001b[22m\u001b[32mexpected\u001b[39m\u001b[2m) // Object.is equality\u001b[22m\n\nExpected: \u001b[32m401\u001b[39m\nReceived: \u001b[31m404\u001b[39m","name":"toBe","pass":false}}],"failureMessages":["Error: \u001b[2mexpect(\u001b[22m\u001b[31mreceived\u001b[39m\u001b[2m).\u001b[22mtoBe\u001b[2m(\u001b[22m\u001b[32mexpected\u001b[39m\u001b[2m) // Object.is equality\u001b[22m\n\nExpected: \u001b[32m401\u001b[39m\nReceived: \u001b[31m404\u001b[39m\n    at Object.<anonymous> (C:\\Users\\goely\\OneDrive\\Desktop\\yash_incubyte\\backend\\tests\\vehicles.delete.test.ts:71:37)\n    at processTicksAndRejections (node:internal/process/task_queues:95:5)"],"fullName":"Vehicles API - Delete Vehicle DELETE /api/vehicles/:id should fail with 401 when no authentication token is provided","invocations":1,"location":null,"numPassingAsserts":0,"retryReasons":[],"status":"failed","title":"should fail with 401 when no authentication token is provided"},{"ancestorTitles":["Vehicles API - Delete Vehicle","DELETE /api/vehicles/:id"],"duration":14,"failureDetails":[{"matcherResult":{"actual":404,"expected":403,"message":"\u001b[2mexpect(\u001b[22m\u001b[31mreceived\u001b[39m\u001b[2m).\u001b[22mtoBe\u001b[2m(\u001b[22m\u001b[32mexpected\u001b[39m\u001b[2m) // Object.is equality\u001b[22m\n\nExpected: \u001b[32m403\u001b[39m\nReceived: \u001b[31m404\u001b[39m","name":"toBe","pass":false}}],"failureMessages":["Error: \u001b[2mexpect(\u001b[22m\u001b[31mreceived\u001b[39m\u001b[2m).\u001b[22mtoBe\u001b[2m(\u001b[22m\u001b[32mexpected\u001b[39m\u001b[2m) // Object.is equality\u001b[22m\n\nExpected: \u001b[32m403\u001b[39m\nReceived: \u001b[31m404\u001b[39m\n    at Object.<anonymous> (C:\\Users\\goely\\OneDrive\\Desktop\\yash_incubyte\\backend\\tests\\vehicles.delete.test.ts:81:37)\n    at processTicksAndRejections (node:internal/process/task_queues:95:5)"],"fullName":"Vehicles API - Delete Vehicle DELETE /api/vehicles/:id should fail with 403 when a non-admin user attempts to delete a vehicle","invocations":1,"location":null,"numPassingAsserts":0,"retryReasons":[],"status":"failed","title":"should fail with 403 when a non-admin user attempts to delete a vehicle"},{"ancestorTitles":["Vehicles API - Delete Vehicle","DELETE /api/vehicles/:id"],"duration":18,"failureDetails":[{"matcherResult":{"actual":404,"expected":400,"message":"\u001b[2mexpect(\u001b[22m\u001b[31mreceived\u001b[39m\u001b[2m).\u001b[22mtoBe\u001b[2m(\u001b[22m\u001b[32mexpected\u001b[39m\u001b[2m) // Object.is equality\u001b[22m\n\nExpected: \u001b[32m400\u001b[39m\nReceived: \u001b[31m404\u001b[39m","name":"toBe","pass":false}}],"failureMessages":["Error: \u001b[2mexpect(\u001b[22m\u001b[31mreceived\u001b[39m\u001b[2m).\u001b[22mtoBe\u001b[2m(\u001b[22m\u001b[32mexpected\u001b[39m\u001b[2m) // Object.is equality\u001b[22m\n\nExpected: \u001b[32m400\u001b[39m\nReceived: \u001b[31m404\u001b[39m\n    at Object.<anonymous> (C:\\Users\\goely\\OneDrive\\Desktop\\yash_incubyte\\backend\\tests\\vehicles.delete.test.ts:91:37)\n    at processTicksAndRejections (node:internal/process/task_queues:95:5)"],"fullName":"Vehicles API - Delete Vehicle DELETE /api/vehicles/:id should fail with 400 when the vehicle ID is not a valid integer","invocations":1,"location":null,"numPassingAsserts":0,"retryReasons":[],"status":"failed","title":"should fail with 400 when the vehicle ID is not a valid integer"},{"ancestorTitles":["Vehicles API - Delete Vehicle","DELETE /api/vehicles/:id"],"duration":16,"failureDetails":[{"matcherResult":{"message":"\u001b[2mexpect(\u001b[22m\u001b[31mreceived\u001b[39m\u001b[2m).\u001b[22mtoHaveProperty\u001b[2m(\u001b[22m\u001b[32mpath\u001b[39m\u001b[2m)\u001b[22m\n\nExpected path: \u001b[32m\"error\"\u001b[39m\nReceived path: \u001b[31m[]\u001b[39m\n\nReceived value: \u001b[31m{}\u001b[39m","pass":false}}],"failureMessages":["Error: \u001b[2mexpect(\u001b[22m\u001b[31mreceived\u001b[39m\u001b[2m).\u001b[22mtoHaveProperty\u001b[2m(\u001b[22m\u001b[32mpath\u001b[39m\u001b[2m)\u001b[22m\n\nExpected path: \u001b[32m\"error\"\u001b[39m\nReceived path: \u001b[31m[]\u001b[39m\n\nReceived value: \u001b[31m{}\u001b[39m\n    at Object.<anonymous> (C:\\Users\\goely\\OneDrive\\Desktop\\yash_incubyte\\backend\\tests\\vehicles.delete.test.ts:102:35)\n    at processTicksAndRejections (node:internal/process/task_queues:95:5)"],"fullName":"Vehicles API - Delete Vehicle DELETE /api/vehicles/:id should fail with 404 when the vehicle ID does not exist","invocations":1,"location":null,"numPassingAsserts":1,"retryReasons":[],"status":"failed","title":"should fail with 404 when the vehicle ID does not exist"},{"ancestorTitles":["Vehicles API - Delete Vehicle","DELETE /api/vehicles/:id"],"duration":11,"failureDetails":[{"matcherResult":{"actual":404,"expected":200,"message":"\u001b[2mexpect(\u001b[22m\u001b[31mreceived\u001b[39m\u001b[2m).\u001b[22mtoBe\u001b[2m(\u001b[22m\u001b[32mexpected\u001b[39m\u001b[2m) // Object.is equality\u001b[22m\n\nExpected: \u001b[32m200\u001b[39m\nReceived: \u001b[31m404\u001b[39m","name":"toBe","pass":false}}],"failureMessages":["Error: \u001b[2mexpect(\u001b[22m\u001b[31mreceived\u001b[39m\u001b[2m).\u001b[22mtoBe\u001b[2m(\u001b[22m\u001b[32mexpected\u001b[39m\u001b[2m) // Object.is equality\u001b[22m\n\nExpected: \u001b[32m200\u001b[39m\nReceived: \u001b[31m404\u001b[39m\n    at Object.<anonymous> (C:\\Users\\goely\\OneDrive\\Desktop\\yash_incubyte\\backend\\tests\\vehicles.delete.test.ts:111:37)\n    at processTicksAndRejections (node:internal/process/task_queues:95:5)"],"fullName":"Vehicles API - Delete Vehicle DELETE /api/vehicles/:id should allow an ADMIN user to delete a vehicle and return 200","invocations":1,"location":null,"numPassingAsserts":0,"retryReasons":[],"status":"failed","title":"should allow an ADMIN user to delete a vehicle and return 200"}],"endTime":1785345028311,"message":"\u001b[1m\u001b[31m  \u001b[1m● \u001b[22m\u001b[1mVehicles API - Delete Vehicle › DELETE /api/vehicles/:id › should fail with 401 when no authentication token is provided\u001b[39m\u001b[22m\n\n    \u001b[2mexpect(\u001b[22m\u001b[31mreceived\u001b[39m\u001b[2m).\u001b[22mtoBe\u001b[2m(\u001b[22m\u001b[32mexpected\u001b[39m\u001b[2m) // Object.is equality\u001b[22m\n\n    Expected: \u001b[32m401\u001b[39m\n    Received: \u001b[31m404\u001b[39m\n\u001b[2m\u001b[22m\n\u001b[2m    \u001b[0m \u001b[90m 69 |\u001b[39m                 \u001b[33m.\u001b[39m\u001b[36mdelete\u001b[39m(\u001b[32m`${vehiclesEndpoint}/${vehicleId}`\u001b[39m)\u001b[33m;\u001b[39m\u001b[22m\n\u001b[2m     \u001b[90m 70 |\u001b[39m\u001b[22m\n\u001b[2m    \u001b[31m\u001b[1m>\u001b[22m\u001b[2m\u001b[39m\u001b[90m 71 |\u001b[39m             expect(response\u001b[33m.\u001b[39mstatus)\u001b[33m.\u001b[39mtoBe(\u001b[35m401\u001b[39m)\u001b[33m;\u001b[39m\u001b[22m\n\u001b[2m     \u001b[90m    |\u001b[39m                                     \u001b[31m\u001b[1m^\u001b[22m\u001b[2m\u001b[39m\u001b[22m\n\u001b[2m     \u001b[90m 72 |\u001b[39m             expect(response\u001b[33m.\u001b[39mbody)\u001b[33m.\u001b[39mtoHaveProperty(\u001b[32m'error'\u001b[39m)\u001b[33m;\u001b[39m\u001b[22m\n\u001b[2m     \u001b[90m 73 |\u001b[39m         })\u001b[33m;\u001b[39m\u001b[22m\n\u001b[2m     \u001b[90m 74 |\u001b[39m\u001b[0m\u001b[22m\n\u001b[2m\u001b[22m\n\u001b[2m      \u001b[2mat Object.<anonymous> (\u001b[22m\u001b[2m\u001b[0m\u001b[36mtests/vehicles.delete.test.ts\u001b[39m\u001b[0m\u001b[2m:71:37)\u001b[22m\u001b[2m\u001b[22m\n\n\u001b[1m\u001b[31m  \u001b[1m● \u001b[22m\u001b[1mVehicles API - Delete Vehicle › DELETE /api/vehicles/:id › should fail with 403 when a non-admin user attempts to delete a vehicle\u001b[39m\u001b[22m\n\n    \u001b[2mexpect(\u001b[22m\u001b[31mreceived\u001b[39m\u001b[2m).\u001b[22mtoBe\u001b[2m(\u001b[22m\u001b[32mexpected\u001b[39m\u001b[2m) // Object.is equality\u001b[22m\n\n    Expected: \u001b[32m403\u001b[39m\n    Received: \u001b[31m404\u001b[39m\n\u001b[2m\u001b[22m\n\u001b[2m    \u001b[0m \u001b[90m 79 |\u001b[39m                 \u001b[33m.\u001b[39m\u001b[36mset\u001b[39m(\u001b[32m'Authorization'\u001b[39m\u001b[33m,\u001b[39m \u001b[32m`Bearer ${userToken}`\u001b[39m)\u001b[33m;\u001b[39m\u001b[22m\n\u001b[2m     \u001b[90m 80 |\u001b[39m\u001b[22m\n\u001b[2m    \u001b[31m\u001b[1m>\u001b[22m\u001b[2m\u001b[39m\u001b[90m 81 |\u001b[39m             expect(response\u001b[33m.\u001b[39mstatus)\u001b[33m.\u001b[39mtoBe(\u001b[35m403\u001b[39m)\u001b[33m;\u001b[39m\u001b[22m\n\u001b[2m     \u001b[90m    |\u001b[39m                                     \u001b[31m\u001b[1m^\u001b[22m\u001b[2m\u001b[39m\u001b[22m\n\u001b[2m     \u001b[90m 82 |\u001b[39m             expect(response\u001b[33m.\u001b[39mbody)\u001b[33m.\u001b[39mtoHaveProperty(\u001b[32m'error'\u001b[39m)\u001b[33m;\u001b[39m\u001b[22m\n\u001b[2m     \u001b[90m 83 |\u001b[39m         })\u001b[33m;\u001b[39m\u001b[22m\n\u001b[2m     \u001b[90m 84 |\u001b[39m\u001b[0m\u001b[22m\n\u001b[2m\u001b[22m\n\u001b[2m      \u001b[2mat Object.<anonymous> (\u001b[22m\u001b[2m\u001b[0m\u001b[36mtests/vehicles.delete.test.ts\u001b[39m\u001b[0m\u001b[2m:81:37)\u001b[22m\u001b[2m\u001b[22m\n\n\u001b[1m\u001b[31m  \u001b[1m● \u001b[22m\u001b[1mVehicles API - Delete Vehicle › DELETE /api/vehicles/:id › should fail with 400 when the vehicle ID is not a valid integer\u001b[39m\u001b[22m\n\n    \u001b[2mexpect(\u001b[22m\u001b[31mreceived\u001b[39m\u001b[2m).\u001b[22mtoBe\u001b[2m(\u001b[22m\u001b[32mexpected\u001b[39m\u001b[2m) // Object.is equality\u001b[22m\n\n    Expected: \u001b[32m400\u001b[39m\n    Received: \u001b[31m404\u001b[39m\n\u001b[2m\u001b[22m\n\u001b[2m    \u001b[0m \u001b[90m 89 |\u001b[39m                 \u001b[33m.\u001b[39m\u001b[36mset\u001b[39m(\u001b[32m'Authorization'\u001b[39m\u001b[33m,\u001b[39m \u001b[32m`Bearer ${adminToken}`\u001b[39m)\u001b[33m;\u001b[39m\u001b[22m\n\u001b[2m     \u001b[90m 90 |\u001b[39m\u001b[22m\n\u001b[2m    \u001b[31m\u001b[1m>\u001b[22m\u001b[2m\u001b[39m\u001b[90m 91 |\u001b[39m             expect(response\u001b[33m.\u001b[39mstatus)\u001b[33m.\u001b[39mtoBe(\u001b[35m400\u001b[39m)\u001b[33m;\u001b[39m\u001b[22m\n\u001b[2m     \u001b[90m    |\u001b[39m                                     \u001b[31m\u001b[1m^\u001b[22m\u001b[2m\u001b[39m\u001b[22m\n\u001b[2m     \u001b[90m 92 |\u001b[39m             expect(response\u001b[33m.\u001b[39mbody)\u001b[33m.\u001b[39mtoHaveProperty(\u001b[32m'error'\u001b[39m)\u001b[33m;\u001b[39m\u001b[22m\n\u001b[2m     \u001b[90m 93 |\u001b[39m         })\u001b[33m;\u001b[39m\u001b[22m\n\u001b[2m     \u001b[90m 94 |\u001b[39m\u001b[0m\u001b[22m\n\u001b[2m\u001b[22m\n\u001b[2m      \u001b[2mat Object.<anonymous> (\u001b[22m\u001b[2m\u001b[0m\u001b[36mtests/vehicles.delete.test.ts\u001b[39m\u001b[0m\u001b[2m:91:37)\u001b[22m\u001b[2m\u001b[22m\n\n\u001b[1m\u001b[31m  \u001b[1m● \u001b[22m\u001b[1mVehicles API - Delete Vehicle › DELETE /api/vehicles/:id › should fail with 404 when the vehicle ID does not exist\u001b[39m\u001b[22m\n\n    \u001b[2mexpect(\u001b[22m\u001b[31mreceived\u001b[39m\u001b[2m).\u001b[22mtoHaveProperty\u001b[2m(\u001b[22m\u001b[32mpath\u001b[39m\u001b[2m)\u001b[22m\n\n    Expected path: \u001b[32m\"error\"\u001b[39m\n    Received path: \u001b[31m[]\u001b[39m\n\n    Received value: \u001b[31m{}\u001b[39m\n\u001b[2m\u001b[22m\n\u001b[2m    \u001b[0m \u001b[90m 100 |\u001b[39m\u001b[22m\n\u001b[2m     \u001b[90m 101 |\u001b[39m             expect(response\u001b[33m.\u001b[39mstatus)\u001b[33m.\u001b[39mtoBe(\u001b[35m404\u001b[39m)\u001b[33m;\u001b[39m\u001b[22m\n\u001b[2m    \u001b[31m\u001b[1m>\u001b[22m\u001b[2m\u001b[39m\u001b[90m 102 |\u001b[39m             expect(response\u001b[33m.\u001b[39mbody)\u001b[33m.\u001b[39mtoHaveProperty(\u001b[32m'error'\u001b[39m)\u001b[33m;\u001b[39m\u001b[22m\n\u001b[2m     \u001b[90m     |\u001b[39m                                   \u001b[31m\u001b[1m^\u001b[22m\u001b[2m\u001b[39m\u001b[22m\n\u001b[2m     \u001b[90m 103 |\u001b[39m         })\u001b[33m;\u001b[39m\u001b[22m\n\u001b[2m     \u001b[90m 104 |\u001b[39m\u001b[22m\n\u001b[2m     \u001b[90m 105 |\u001b[39m         \u001b[90m// ── 200 — admin successfully deletes ─────────────────────────\u001b[39m\u001b[0m\u001b[22m\n\u001b[2m\u001b[22m\n\u001b[2m      \u001b[2mat Object.<anonymous> (\u001b[22m\u001b[2m\u001b[0m\u001b[36mtests/vehicles.delete.test.ts\u001b[39m\u001b[0m\u001b[2m:102:35)\u001b[22m\u001b[2m\u001b[22m\n\n\u001b[1m\u001b[31m  \u001b[1m● \u001b[22m\u001b[1mVehicles API - Delete Vehicle › DELETE /api/vehicles/:id › should allow an ADMIN user to delete a vehicle and return 200\u001b[39m\u001b[22m\n\n    \u001b[2mexpect(\u001b[22m\u001b[31mreceived\u001b[39m\u001b[2m).\u001b[22mtoBe\u001b[2m(\u001b[22m\u001b[32mexpected\u001b[39m\u001b[2m) // Object.is equality\u001b[22m\n\n    Expected: \u001b[32m200\u001b[39m\n    Received: \u001b[31m404\u001b[39m\n\u001b[2m\u001b[22m\n\u001b[2m    \u001b[0m \u001b[90m 109 |\u001b[39m                 \u001b[33m.\u001b[39m\u001b[36mset\u001b[39m(\u001b[32m'Authorization'\u001b[39m\u001b[33m,\u001b[39m \u001b[32m`Bearer ${adminToken}`\u001b[39m)\u001b[33m;\u001b[39m\u001b[22m\n\u001b[2m     \u001b[90m 110 |\u001b[39m\u001b[22m\n\u001b[2m    \u001b[31m\u001b[1m>\u001b[22m\u001b[2m\u001b[39m\u001b[90m 111 |\u001b[39m             expect(response\u001b[33m.\u001b[39mstatus)\u001b[33m.\u001b[39mtoBe(\u001b[35m200\u001b[39m)\u001b[33m;\u001b[39m\u001b[22m\n\u001b[2m     \u001b[90m     |\u001b[39m                                     \u001b[31m\u001b[1m^\u001b[22m\u001b[2m\u001b[39m\u001b[22m\n\u001b[2m     \u001b[90m 112 |\u001b[39m             expect(response\u001b[33m.\u001b[39mbody)\u001b[33m.\u001b[39mtoHaveProperty(\u001b[32m'message'\u001b[39m)\u001b[33m;\u001b[39m\u001b[22m\n\u001b[2m     \u001b[90m 113 |\u001b[39m         })\u001b[33m;\u001b[39m\u001b[22m\n\u001b[2m     \u001b[90m 114 |\u001b[39m     })\u001b[33m;\u001b[39m\u001b[0m\u001b[22m\n\u001b[2m\u001b[22m\n\u001b[2m      \u001b[2mat Object.<anonymous> (\u001b[22m\u001b[2m\u001b[0m\u001b[36mtests/vehicles.delete.test.ts\u001b[39m\u001b[0m\u001b[2m:111:37)\u001b[22m\u001b[2m\u001b[22m\n","name":"C:\\Users\\goely\\OneDrive\\Desktop\\yash_incubyte\\backend\\tests\\vehicles.delete.test.ts","startTime":1785345012433,"status":"failed","summary":""},{"assertionResults":[{"ancestorTitles":["Vehicles API - List Vehicles","GET /api/vehicles"],"duration":56,"failureDetails":[],"failureMessages":[],"fullName":"Vehicles API - List Vehicles GET /api/vehicles should fail with 401 when the request is unauthenticated","invocations":1,"location":null,"numPassingAsserts":2,"retryReasons":[],"status":"passed","title":"should fail with 401 when the request is unauthenticated"},{"ancestorTitles":["Vehicles API - List Vehicles","GET /api/vehicles"],"duration":22,"failureDetails":[],"failureMessages":[],"fullName":"Vehicles API - List Vehicles GET /api/vehicles should return 200 and an empty array when inventory is empty","invocations":1,"location":null,"numPassingAsserts":4,"retryReasons":[],"status":"passed","title":"should return 200 and an empty array when inventory is empty"},{"ancestorTitles":["Vehicles API - List Vehicles","GET /api/vehicles"],"duration":40,"failureDetails":[],"failureMessages":[],"fullName":"Vehicles API - List Vehicles GET /api/vehicles should return 200 and a populated array when inventory has vehicles","invocations":1,"location":null,"numPassingAsserts":8,"retryReasons":[],"status":"passed","title":"should return 200 and a populated array when inventory has vehicles"}],"endTime":1785345028267,"message":"","name":"C:\\Users\\goely\\OneDrive\\Desktop\\yash_incubyte\\backend\\tests\\vehicles.list.test.ts","startTime":1785345012578,"status":"passed","summary":""},{"assertionResults":[{"ancestorTitles":["Vehicles API - Create Vehicle","POST /api/vehicles"],"duration":57,"failureDetails":[],"failureMessages":[],"fullName":"Vehicles API - Create Vehicle POST /api/vehicles should fail with 401 when the request is unauthenticated","invocations":1,"location":null,"numPassingAsserts":2,"retryReasons":[],"status":"passed","title":"should fail with 401 when the request is unauthenticated"},{"ancestorTitles":["Vehicles API - Create Vehicle","POST /api/vehicles"],"duration":26,"failureDetails":[],"failureMessages":[],"fullName":"Vehicles API - Create Vehicle POST /api/vehicles should fail with 400 when validation fails (e.g., missing required fields)","invocations":1,"location":null,"numPassingAsserts":2,"retryReasons":[],"status":"passed","title":"should fail with 400 when validation fails (e.g., missing required fields)"},{"ancestorTitles":["Vehicles API - Create Vehicle","POST /api/vehicles"],"duration":21,"failureDetails":[],"failureMessages":[],"fullName":"Vehicles API - Create Vehicle POST /api/vehicles should fail with 400 when validation fails (e.g., invalid data types or constraints)","invocations":1,"location":null,"numPassingAsserts":2,"retryReasons":[],"status":"passed","title":"should fail with 400 when validation fails (e.g., invalid data types or constraints)"},{"ancestorTitles":["Vehicles API - Create Vehicle","POST /api/vehicles"],"duration":33,"failureDetails":[],"failureMessages":[],"fullName":"Vehicles API - Create Vehicle POST /api/vehicles should successfully create a vehicle and return 201 when authenticated and payload is valid","invocations":1,"location":null,"numPassingAsserts":8,"retryReasons":[],"status":"passed","title":"should successfully create a vehicle and return 201 when authenticated and payload is valid"}],"endTime":1785345028414,"message":"","name":"C:\\Users\\goely\\OneDrive\\Desktop\\yash_incubyte\\backend\\tests\\vehicles.test.ts","startTime":1785345012542,"status":"passed","summary":""},{"assertionResults":[{"ancestorTitles":["Auth API - User Login","POST /api/auth/login"],"duration":279,"failureDetails":[],"failureMessages":[],"fullName":"Auth API - User Login POST /api/auth/login should login successfully and return 200 with a JWT token","invocations":1,"location":null,"numPassingAsserts":3,"retryReasons":[],"status":"passed","title":"should login successfully and return 200 with a JWT token"},{"ancestorTitles":["Auth API - User Login","POST /api/auth/login"],"duration":232,"failureDetails":[],"failureMessages":[],"fullName":"Auth API - User Login POST /api/auth/login should fail with 401 when password is wrong","invocations":1,"location":null,"numPassingAsserts":2,"retryReasons":[],"status":"passed","title":"should fail with 401 when password is wrong"},{"ancestorTitles":["Auth API - User Login","POST /api/auth/login"],"duration":16,"failureDetails":[],"failureMessages":[],"fullName":"Auth API - User Login POST /api/auth/login should fail with 404 when user is not found","invocations":1,"location":null,"numPassingAsserts":2,"retryReasons":[],"status":"passed","title":"should fail with 404 when user is not found"},{"ancestorTitles":["Auth API - User Login","POST /api/auth/login"],"duration":20,"failureDetails":[],"failureMessages":[],"fullName":"Auth API - User Login POST /api/auth/login should fail with 400 when email is missing","invocations":1,"location":null,"numPassingAsserts":2,"retryReasons":[],"status":"passed","title":"should fail with 400 when email is missing"},{"ancestorTitles":["Auth API - User Login","POST /api/auth/login"],"duration":27,"failureDetails":[],"failureMessages":[],"fullName":"Auth API - User Login POST /api/auth/login should fail with 400 when password is missing","invocations":1,"location":null,"numPassingAsserts":2,"retryReasons":[],"status":"passed","title":"should fail with 400 when password is missing"}],"endTime":1785345028404,"message":"","name":"C:\\Users\\goely\\OneDrive\\Desktop\\yash_incubyte\\backend\\tests\\login.test.ts","startTime":1785345012442,"status":"passed","summary":""}],"wasInterrupted":false}
