{"numFailedTestSuites":0,"numFailedTests":0,"numPassedTestSuites":11,"numPassedTests":49,"numPendingTestSuites":0,"numPendingTests":0,"numRuntimeErrorTestSuites":0,"numTodoTests":0,"numTotalTestSuites":11,"numTotalTests":49,"openHandles":[],"snapshot":{"added":0,"didUpdate":false,"failure":false,"filesAdded":0,"filesRemoved":0,"filesRemovedList":[],"filesUnmatched":0,"filesUpdated":0,"matched":0,"total":0,"unchecked":0,"uncheckedKeysByFile":[],"unmatched":0,"updated":0},"startTime":1785348709020,"success":true,"testResults":[{"assertionResults":[{"ancestorTitles":["Vehicles API - Restock Vehicle","POST /api/vehicles/:id/restock"],"duration":48,"failureDetails":[],"failureMessages":[],"fullName":"Vehicles API - Restock Vehicle POST /api/vehicles/:id/restock should fail with 401 when no token is provided","invocations":1,"location":null,"numPassingAsserts":2,"retryReasons":[],"status":"passed","title":"should fail with 401 when no token is provided"},{"ancestorTitles":["Vehicles API - Restock Vehicle","POST /api/vehicles/:id/restock"],"duration":35,"failureDetails":[],"failureMessages":[],"fullName":"Vehicles API - Restock Vehicle POST /api/vehicles/:id/restock should fail with 403 when a non-admin (normal user) tries to restock","invocations":1,"location":null,"numPassingAsserts":2,"retryReasons":[],"status":"passed","title":"should fail with 403 when a non-admin (normal user) tries to restock"},{"ancestorTitles":["Vehicles API - Restock Vehicle","POST /api/vehicles/:id/restock"],"duration":13,"failureDetails":[],"failureMessages":[],"fullName":"Vehicles API - Restock Vehicle POST /api/vehicles/:id/restock should fail with 400 when the vehicle ID is malformed (invalid id)","invocations":1,"location":null,"numPassingAsserts":2,"retryReasons":[],"status":"passed","title":"should fail with 400 when the vehicle ID is malformed (invalid id)"},{"ancestorTitles":["Vehicles API - Restock Vehicle","POST /api/vehicles/:id/restock"],"duration":14,"failureDetails":[],"failureMessages":[],"fullName":"Vehicles API - Restock Vehicle POST /api/vehicles/:id/restock should fail with 404 when the vehicle does not exist","invocations":1,"location":null,"numPassingAsserts":2,"retryReasons":[],"status":"passed","title":"should fail with 404 when the vehicle does not exist"},{"ancestorTitles":["Vehicles API - Restock Vehicle","POST /api/vehicles/:id/restock"],"duration":15,"failureDetails":[],"failureMessages":[],"fullName":"Vehicles API - Restock Vehicle POST /api/vehicles/:id/restock should successfully restock a vehicle and return 200 (ADMIN)","invocations":1,"location":null,"numPassingAsserts":4,"retryReasons":[],"status":"passed","title":"should successfully restock a vehicle and return 200 (ADMIN)"},{"ancestorTitles":["Vehicles API - Restock Vehicle","POST /api/vehicles/:id/restock"],"duration":13,"failureDetails":[],"failureMessages":[],"fullName":"Vehicles API - Restock Vehicle POST /api/vehicles/:id/restock should verify the vehicle is actually marked as AVAILABLE after restock","invocations":1,"location":null,"numPassingAsserts":2,"retryReasons":[],"status":"passed","title":"should verify the vehicle is actually marked as AVAILABLE after restock"}],"endTime":1785348811900,"message":"","name":"C:\\Users\\goely\\OneDrive\\Desktop\\yash_incubyte\\backend\\tests\\vehicles.restock.test.ts","startTime":1785348710895,"status":"passed","summary":""},{"assertionResults":[{"ancestorTitles":["App Integration Tests","GET /health"],"duration":137,"failureDetails":[],"failureMessages":[],"fullName":"App Integration Tests GET /health should return strong 200 OK and { status: \"UP\" }","invocations":1,"location":null,"numPassingAsserts":2,"retryReasons":[],"status":"passed","title":"should return strong 200 OK and { status: \"UP\" }"}],"endTime":1785348813100,"message":"","name":"C:\\Users\\goely\\OneDrive\\Desktop\\yash_incubyte\\backend\\tests\\app.test.ts","startTime":1785348710787,"status":"passed","summary":""},{"assertionResults":[{"ancestorTitles":["Auth API - User Registration","POST /api/auth/register"],"duration":303,"failureDetails":[],"failureMessages":[],"fullName":"Auth API - User Registration POST /api/auth/register should successfully register a user and return 201","invocations":1,"location":null,"numPassingAsserts":5,"retryReasons":[],"status":"passed","title":"should successfully register a user and return 201"},{"ancestorTitles":["Auth API - User Registration","POST /api/auth/register"],"duration":18,"failureDetails":[],"failureMessages":[],"fullName":"Auth API - User Registration POST /api/auth/register should fail with 400 when email is missing","invocations":1,"location":null,"numPassingAsserts":2,"retryReasons":[],"status":"passed","title":"should fail with 400 when email is missing"},{"ancestorTitles":["Auth API - User Registration","POST /api/auth/register"],"duration":14,"failureDetails":[],"failureMessages":[],"fullName":"Auth API - User Registration POST /api/auth/register should fail with 400 when password is missing","invocations":1,"location":null,"numPassingAsserts":2,"retryReasons":[],"status":"passed","title":"should fail with 400 when password is missing"},{"ancestorTitles":["Auth API - User Registration","POST /api/auth/register"],"duration":13,"failureDetails":[],"failureMessages":[],"fullName":"Auth API - User Registration POST /api/auth/register should fail with 400 when email format is invalid","invocations":1,"location":null,"numPassingAsserts":2,"retryReasons":[],"status":"passed","title":"should fail with 400 when email format is invalid"},{"ancestorTitles":["Auth API - User Registration","POST /api/auth/register"],"duration":158,"failureDetails":[],"failureMessages":[],"fullName":"Auth API - User Registration POST /api/auth/register should fail with 409 when the email is already registered","invocations":1,"location":null,"numPassingAsserts":2,"retryReasons":[],"status":"passed","title":"should fail with 409 when the email is already registered"}],"endTime":1785348813360,"message":"","name":"C:\\Users\\goely\\OneDrive\\Desktop\\yash_incubyte\\backend\\tests\\auth.test.ts","startTime":1785348710788,"status":"passed","summary":""},{"assertionResults":[{"ancestorTitles":["JWT Authentication Middleware"],"duration":100,"failureDetails":[],"failureMessages":[],"fullName":"JWT Authentication Middleware should allow access with a valid token and return user payload","invocations":1,"location":null,"numPassingAsserts":2,"retryReasons":[],"status":"passed","title":"should allow access with a valid token and return user payload"},{"ancestorTitles":["JWT Authentication Middleware"],"duration":12,"failureDetails":[],"failureMessages":[],"fullName":"JWT Authentication Middleware should reject with 401 when token is invalid","invocations":1,"location":null,"numPassingAsserts":2,"retryReasons":[],"status":"passed","title":"should reject with 401 when token is invalid"},{"ancestorTitles":["JWT Authentication Middleware"],"duration":25,"failureDetails":[],"failureMessages":[],"fullName":"JWT Authentication Middleware should reject with 401 when token is expired","invocations":1,"location":null,"numPassingAsserts":2,"retryReasons":[],"status":"passed","title":"should reject with 401 when token is expired"},{"ancestorTitles":["JWT Authentication Middleware"],"duration":14,"failureDetails":[],"failureMessages":[],"fullName":"JWT Authentication Middleware should reject with 401 when Authorization header is missing","invocations":1,"location":null,"numPassingAsserts":2,"retryReasons":[],"status":"passed","title":"should reject with 401 when Authorization header is missing"}],"endTime":1785348813399,"message":"","name":"C:\\Users\\goely\\OneDrive\\Desktop\\yash_incubyte\\backend\\tests\\jwt.middleware.test.ts","startTime":1785348710809,"status":"passed","summary":""},{"assertionResults":[{"ancestorTitles":["Vehicles API - List Vehicles","GET /api/vehicles"],"duration":58,"failureDetails":[],"failureMessages":[],"fullName":"Vehicles API - List Vehicles GET /api/vehicles should fail with 401 when the request is unauthenticated","invocations":1,"location":null,"numPassingAsserts":2,"retryReasons":[],"status":"passed","title":"should fail with 401 when the request is unauthenticated"},{"ancestorTitles":["Vehicles API - List Vehicles","GET /api/vehicles"],"duration":11,"failureDetails":[],"failureMessages":[],"fullName":"Vehicles API - List Vehicles GET /api/vehicles should return 200 and an empty array when inventory is empty","invocations":1,"location":null,"numPassingAsserts":4,"retryReasons":[],"status":"passed","title":"should return 200 and an empty array when inventory is empty"},{"ancestorTitles":["Vehicles API - List Vehicles","GET /api/vehicles"],"duration":40,"failureDetails":[],"failureMessages":[],"fullName":"Vehicles API - List Vehicles GET /api/vehicles should return 200 and a populated array when inventory has vehicles","invocations":1,"location":null,"numPassingAsserts":8,"retryReasons":[],"status":"passed","title":"should return 200 and a populated array when inventory has vehicles"}],"endTime":1785348813721,"message":"","name":"C:\\Users\\goely\\OneDrive\\Desktop\\yash_incubyte\\backend\\tests\\vehicles.list.test.ts","startTime":1785348710711,"status":"passed","summary":""},{"assertionResults":[{"ancestorTitles":["Auth API - User Login","POST /api/auth/login"],"duration":267,"failureDetails":[],"failureMessages":[],"fullName":"Auth API - User Login POST /api/auth/login should login successfully and return 200 with a JWT token","invocations":1,"location":null,"numPassingAsserts":3,"retryReasons":[],"status":"passed","title":"should login successfully and return 200 with a JWT token"},{"ancestorTitles":["Auth API - User Login","POST /api/auth/login"],"duration":197,"failureDetails":[],"failureMessages":[],"fullName":"Auth API - User Login POST /api/auth/login should fail with 401 when password is wrong","invocations":1,"location":null,"numPassingAsserts":2,"retryReasons":[],"status":"passed","title":"should fail with 401 when password is wrong"},{"ancestorTitles":["Auth API - User Login","POST /api/auth/login"],"duration":14,"failureDetails":[],"failureMessages":[],"fullName":"Auth API - User Login POST /api/auth/login should fail with 404 when user is not found","invocations":1,"location":null,"numPassingAsserts":2,"retryReasons":[],"status":"passed","title":"should fail with 404 when user is not found"},{"ancestorTitles":["Auth API - User Login","POST /api/auth/login"],"duration":20,"failureDetails":[],"failureMessages":[],"fullName":"Auth API - User Login POST /api/auth/login should fail with 400 when email is missing","invocations":1,"location":null,"numPassingAsserts":2,"retryReasons":[],"status":"passed","title":"should fail with 400 when email is missing"},{"ancestorTitles":["Auth API - User Login","POST /api/auth/login"],"duration":11,"failureDetails":[],"failureMessages":[],"fullName":"Auth API - User Login POST /api/auth/login should fail with 400 when password is missing","invocations":1,"location":null,"numPassingAsserts":2,"retryReasons":[],"status":"passed","title":"should fail with 400 when password is missing"}],"endTime":1785348813768,"message":"","name":"C:\\Users\\goely\\OneDrive\\Desktop\\yash_incubyte\\backend\\tests\\login.test.ts","startTime":1785348710781,"status":"passed","summary":""},{"assertionResults":[{"ancestorTitles":["Vehicles API - Purchase Vehicle","POST /api/vehicles/:id/purchase"],"duration":61,"failureDetails":[],"failureMessages":[],"fullName":"Vehicles API - Purchase Vehicle POST /api/vehicles/:id/purchase should fail with 400 when the vehicle ID is malformed (invalid id)","invocations":1,"location":null,"numPassingAsserts":2,"retryReasons":[],"status":"passed","title":"should fail with 400 when the vehicle ID is malformed (invalid id)"},{"ancestorTitles":["Vehicles API - Purchase Vehicle","POST /api/vehicles/:id/purchase"],"duration":14,"failureDetails":[],"failureMessages":[],"fullName":"Vehicles API - Purchase Vehicle POST /api/vehicles/:id/purchase should fail with 404 when the vehicle does not exist (invalid id)","invocations":1,"location":null,"numPassingAsserts":2,"retryReasons":[],"status":"passed","title":"should fail with 404 when the vehicle does not exist (invalid id)"},{"ancestorTitles":["Vehicles API - Purchase Vehicle","POST /api/vehicles/:id/purchase"],"duration":10,"failureDetails":[],"failureMessages":[],"fullName":"Vehicles API - Purchase Vehicle POST /api/vehicles/:id/purchase should fail with 400 when the vehicle is out of stock (already SOLD)","invocations":1,"location":null,"numPassingAsserts":2,"retryReasons":[],"status":"passed","title":"should fail with 400 when the vehicle is out of stock (already SOLD)"},{"ancestorTitles":["Vehicles API - Purchase Vehicle","POST /api/vehicles/:id/purchase"],"duration":11,"failureDetails":[],"failureMessages":[],"fullName":"Vehicles API - Purchase Vehicle POST /api/vehicles/:id/purchase should successfully purchase an available vehicle and return 200","invocations":1,"location":null,"numPassingAsserts":4,"retryReasons":[],"status":"passed","title":"should successfully purchase an available vehicle and return 200"},{"ancestorTitles":["Vehicles API - Purchase Vehicle","POST /api/vehicles/:id/purchase"],"duration":11,"failureDetails":[],"failureMessages":[],"fullName":"Vehicles API - Purchase Vehicle POST /api/vehicles/:id/purchase should verify the vehicle is actually marked as SOLD after purchase","invocations":1,"location":null,"numPassingAsserts":2,"retryReasons":[],"status":"passed","title":"should verify the vehicle is actually marked as SOLD after purchase"}],"endTime":1785348813809,"message":"","name":"C:\\Users\\goely\\OneDrive\\Desktop\\yash_incubyte\\backend\\tests\\vehicles.purchase.test.ts","startTime":1785348710955,"status":"passed","summary":""},{"assertionResults":[{"ancestorTitles":["Vehicles API - Create Vehicle","POST /api/vehicles"],"duration":50,"failureDetails":[],"failureMessages":[],"fullName":"Vehicles API - Create Vehicle POST /api/vehicles should fail with 401 when the request is unauthenticated","invocations":1,"location":null,"numPassingAsserts":2,"retryReasons":[],"status":"passed","title":"should fail with 401 when the request is unauthenticated"},{"ancestorTitles":["Vehicles API - Create Vehicle","POST /api/vehicles"],"duration":15,"failureDetails":[],"failureMessages":[],"fullName":"Vehicles API - Create Vehicle POST /api/vehicles should fail with 400 when validation fails (e.g., missing required fields)","invocations":1,"location":null,"numPassingAsserts":2,"retryReasons":[],"status":"passed","title":"should fail with 400 when validation fails (e.g., missing required fields)"},{"ancestorTitles":["Vehicles API - Create Vehicle","POST /api/vehicles"],"duration":10,"failureDetails":[],"failureMessages":[],"fullName":"Vehicles API - Create Vehicle POST /api/vehicles should fail with 400 when validation fails (e.g., invalid data types or constraints)","invocations":1,"location":null,"numPassingAsserts":2,"retryReasons":[],"status":"passed","title":"should fail with 400 when validation fails (e.g., invalid data types or constraints)"},{"ancestorTitles":["Vehicles API - Create Vehicle","POST /api/vehicles"],"duration":17,"failureDetails":[],"failureMessages":[],"fullName":"Vehicles API - Create Vehicle POST /api/vehicles should successfully create a vehicle and return 201 when authenticated and payload is valid","invocations":1,"location":null,"numPassingAsserts":8,"retryReasons":[],"status":"passed","title":"should successfully create a vehicle and return 201 when authenticated and payload is valid"}],"endTime":1785348814057,"message":"","name":"C:\\Users\\goely\\OneDrive\\Desktop\\yash_incubyte\\backend\\tests\\vehicles.test.ts","startTime":1785348710807,"status":"passed","summary":""},{"assertionResults":[{"ancestorTitles":["Vehicles API - Delete Vehicle","DELETE /api/vehicles/:id"],"duration":38,"failureDetails":[],"failureMessages":[],"fullName":"Vehicles API - Delete Vehicle DELETE /api/vehicles/:id should fail with 401 when no authentication token is provided","invocations":1,"location":null,"numPassingAsserts":2,"retryReasons":[],"status":"passed","title":"should fail with 401 when no authentication token is provided"},{"ancestorTitles":["Vehicles API - Delete Vehicle","DELETE /api/vehicles/:id"],"duration":10,"failureDetails":[],"failureMessages":[],"fullName":"Vehicles API - Delete Vehicle DELETE /api/vehicles/:id should fail with 403 when a non-admin user attempts to delete a vehicle","invocations":1,"location":null,"numPassingAsserts":2,"retryReasons":[],"status":"passed","title":"should fail with 403 when a non-admin user attempts to delete a vehicle"},{"ancestorTitles":["Vehicles API - Delete Vehicle","DELETE /api/vehicles/:id"],"duration":10,"failureDetails":[],"failureMessages":[],"fullName":"Vehicles API - Delete Vehicle DELETE /api/vehicles/:id should fail with 400 when the vehicle ID is not a valid integer","invocations":1,"location":null,"numPassingAsserts":2,"retryReasons":[],"status":"passed","title":"should fail with 400 when the vehicle ID is not a valid integer"},{"ancestorTitles":["Vehicles API - Delete Vehicle","DELETE /api/vehicles/:id"],"duration":11,"failureDetails":[],"failureMessages":[],"fullName":"Vehicles API - Delete Vehicle DELETE /api/vehicles/:id should fail with 404 when the vehicle ID does not exist","invocations":1,"location":null,"numPassingAsserts":2,"retryReasons":[],"status":"passed","title":"should fail with 404 when the vehicle ID does not exist"},{"ancestorTitles":["Vehicles API - Delete Vehicle","DELETE /api/vehicles/:id"],"duration":11,"failureDetails":[],"failureMessages":[],"fullName":"Vehicles API - Delete Vehicle DELETE /api/vehicles/:id should allow an ADMIN user to delete a vehicle and return 200","invocations":1,"location":null,"numPassingAsserts":2,"retryReasons":[],"status":"passed","title":"should allow an ADMIN user to delete a vehicle and return 200"}],"endTime":1785348814122,"message":"","name":"C:\\Users\\goely\\OneDrive\\Desktop\\yash_incubyte\\backend\\tests\\vehicles.delete.test.ts","startTime":1785348710695,"status":"passed","summary":""},{"assertionResults":[{"ancestorTitles":["Vehicles API - Update Vehicle","PUT /api/vehicles/:id"],"duration":31,"failureDetails":[],"failureMessages":[],"fullName":"Vehicles API - Update Vehicle PUT /api/vehicles/:id should fail with 401 when request is unauthorized (no token provided)","invocations":1,"location":null,"numPassingAsserts":2,"retryReasons":[],"status":"passed","title":"should fail with 401 when request is unauthorized (no token provided)"},{"ancestorTitles":["Vehicles API - Update Vehicle","PUT /api/vehicles/:id"],"duration":13,"failureDetails":[],"failureMessages":[],"fullName":"Vehicles API - Update Vehicle PUT /api/vehicles/:id should fail with 400 when validation errors occur (e.g., negative price)","invocations":1,"location":null,"numPassingAsserts":2,"retryReasons":[],"status":"passed","title":"should fail with 400 when validation errors occur (e.g., negative price)"},{"ancestorTitles":["Vehicles API - Update Vehicle","PUT /api/vehicles/:id"],"duration":10,"failureDetails":[],"failureMessages":[],"fullName":"Vehicles API - Update Vehicle PUT /api/vehicles/:id should fail with 404 when providing a non-existent vehicle ID","invocations":1,"location":null,"numPassingAsserts":2,"retryReasons":[],"status":"passed","title":"should fail with 404 when providing a non-existent vehicle ID"},{"ancestorTitles":["Vehicles API - Update Vehicle","PUT /api/vehicles/:id"],"duration":13,"failureDetails":[],"failureMessages":[],"fullName":"Vehicles API - Update Vehicle PUT /api/vehicles/:id should fail with 400 when providing a malformed ID","invocations":1,"location":null,"numPassingAsserts":2,"retryReasons":[],"status":"passed","title":"should fail with 400 when providing a malformed ID"},{"ancestorTitles":["Vehicles API - Update Vehicle","PUT /api/vehicles/:id"],"duration":11,"failureDetails":[],"failureMessages":[],"fullName":"Vehicles API - Update Vehicle PUT /api/vehicles/:id should successfully update the vehicle and return 200 properly","invocations":1,"location":null,"numPassingAsserts":5,"retryReasons":[],"status":"passed","title":"should successfully update the vehicle and return 200 properly"}],"endTime":1785348814198,"message":"","name":"C:\\Users\\goely\\OneDrive\\Desktop\\yash_incubyte\\backend\\tests\\vehicles.update.test.ts","startTime":1785348711030,"status":"passed","summary":""},{"assertionResults":[{"ancestorTitles":["Vehicles API - Search Vehicles","GET /api/vehicles/search"],"duration":42,"failureDetails":[],"failureMessages":[],"fullName":"Vehicles API - Search Vehicles GET /api/vehicles/search should filter vehicles by make","invocations":1,"location":null,"numPassingAsserts":4,"retryReasons":[],"status":"passed","title":"should filter vehicles by make"},{"ancestorTitles":["Vehicles API - Search Vehicles","GET /api/vehicles/search"],"duration":12,"failureDetails":[],"failureMessages":[],"fullName":"Vehicles API - Search Vehicles GET /api/vehicles/search should filter vehicles by model","invocations":1,"location":null,"numPassingAsserts":3,"retryReasons":[],"status":"passed","title":"should filter vehicles by model"},{"ancestorTitles":["Vehicles API - Search Vehicles","GET /api/vehicles/search"],"duration":11,"failureDetails":[],"failureMessages":[],"fullName":"Vehicles API - Search Vehicles GET /api/vehicles/search should filter vehicles by category","invocations":1,"location":null,"numPassingAsserts":4,"retryReasons":[],"status":"passed","title":"should filter vehicles by category"},{"ancestorTitles":["Vehicles API - Search Vehicles","GET /api/vehicles/search"],"duration":14,"failureDetails":[],"failureMessages":[],"fullName":"Vehicles API - Search Vehicles GET /api/vehicles/search should filter vehicles by minimum price (minPrice)","invocations":1,"location":null,"numPassingAsserts":3,"retryReasons":[],"status":"passed","title":"should filter vehicles by minimum price (minPrice)"},{"ancestorTitles":["Vehicles API - Search Vehicles","GET /api/vehicles/search"],"duration":10,"failureDetails":[],"failureMessages":[],"fullName":"Vehicles API - Search Vehicles GET /api/vehicles/search should filter vehicles by maximum price (maxPrice)","invocations":1,"location":null,"numPassingAsserts":3,"retryReasons":[],"status":"passed","title":"should filter vehicles by maximum price (maxPrice)"},{"ancestorTitles":["Vehicles API - Search Vehicles","GET /api/vehicles/search"],"duration":8,"failureDetails":[],"failureMessages":[],"fullName":"Vehicles API - Search Vehicles GET /api/vehicles/search should combine multiple search filters accurately","invocations":1,"location":null,"numPassingAsserts":3,"retryReasons":[],"status":"passed","title":"should combine multiple search filters accurately"}],"endTime":1785348814207,"message":"","name":"C:\\Users\\goely\\OneDrive\\Desktop\\yash_incubyte\\backend\\tests\\vehicles.search.test.ts","startTime":1785348710699,"status":"passed","summary":""}],"wasInterrupted":false}
