{"numFailedTestSuites":0,"numFailedTests":0,"numPassedTestSuites":1,"numPassedTests":5,"numPendingTestSuites":0,"numPendingTests":0,"numRuntimeErrorTestSuites":0,"numTodoTests":0,"numTotalTestSuites":1,"numTotalTests":5,"openHandles":[],"snapshot":{"added":0,"didUpdate":false,"failure":false,"filesAdded":0,"filesRemoved":0,"filesRemovedList":[],"filesUnmatched":0,"filesUpdated":0,"matched":0,"total":0,"unchecked":0,"uncheckedKeysByFile":[],"unmatched":0,"updated":0},"startTime":1785344054946,"success":true,"testResults":[{"assertionResults":[{"ancestorTitles":["Vehicles API - Update Vehicle","PUT /api/vehicles/:id"],"duration":10,"failureDetails":[],"failureMessages":[],"fullName":"Vehicles API - Update Vehicle PUT /api/vehicles/:id should fail with 401 when request is unauthorized (no token provided)","invocations":1,"location":null,"numPassingAsserts":2,"retryReasons":[],"status":"passed","title":"should fail with 401 when request is unauthorized (no token provided)"},{"ancestorTitles":["Vehicles API - Update Vehicle","PUT /api/vehicles/:id"],"duration":10,"failureDetails":[],"failureMessages":[],"fullName":"Vehicles API - Update Vehicle PUT /api/vehicles/:id should fail with 400 when validation errors occur (e.g., negative price)","invocations":1,"location":null,"numPassingAsserts":2,"retryReasons":[],"status":"passed","title":"should fail with 400 when validation errors occur (e.g., negative price)"},{"ancestorTitles":["Vehicles API - Update Vehicle","PUT /api/vehicles/:id"],"duration":22,"failureDetails":[],"failureMessages":[],"fullName":"Vehicles API - Update Vehicle PUT /api/vehicles/:id should fail with 404 when providing a non-existent vehicle ID","invocations":1,"location":null,"numPassingAsserts":2,"retryReasons":[],"status":"passed","title":"should fail with 404 when providing a non-existent vehicle ID"},{"ancestorTitles":["Vehicles API - Update Vehicle","PUT /api/vehicles/:id"],"duration":15,"failureDetails":[],"failureMessages":[],"fullName":"Vehicles API - Update Vehicle PUT /api/vehicles/:id should fail with 400 when providing a malformed ID","invocations":1,"location":null,"numPassingAsserts":2,"retryReasons":[],"status":"passed","title":"should fail with 400 when providing a malformed ID"},{"ancestorTitles":["Vehicles API - Update Vehicle","PUT /api/vehicles/:id"],"duration":15,"failureDetails":[],"failureMessages":[],"fullName":"Vehicles API - Update Vehicle PUT /api/vehicles/:id should successfully update the vehicle and return 200 properly","invocations":1,"location":null,"numPassingAsserts":5,"retryReasons":[],"status":"passed","title":"should successfully update the vehicle and return 200 properly"}],"endTime":1785344060232,"message":"","name":"C:\\Users\\goely\\OneDrive\\Desktop\\yash_incubyte\\backend\\tests\\vehicles.update.test.ts","startTime":1785344055092,"status":"passed","summary":""}],"wasInterrupted":false}
