{"numFailedTestSuites":2,"numFailedTests":0,"numPassedTestSuites":0,"numPassedTests":0,"numPendingTestSuites":0,"numPendingTests":0,"numRuntimeErrorTestSuites":2,"numTodoTests":0,"numTotalTestSuites":2,"numTotalTests":0,"openHandles":[],"snapshot":{"added":0,"didUpdate":false,"failure":false,"filesAdded":0,"filesRemoved":0,"filesRemovedList":[],"filesUnmatched":0,"filesUpdated":0,"matched":0,"total":0,"unchecked":0,"uncheckedKeysByFile":[],"unmatched":0,"updated":0},"startTime":1785327779516,"success":false,"testResults":[{"assertionResults":[],"coverage":{},"endTime":1785327785123,"message":"  \u001b[1m● \u001b[22mTest suite failed to run\n\n    Cannot find module '.prisma/client/default' from 'node_modules/@prisma/client/default.js'\n\n    Require stack:\n      node_modules/@prisma/client/default.js\n      src/config/db.ts\n      src/models/user.model.ts\n      src/services/auth.service.ts\n      src/controllers/auth.controller.ts\n      src/routes/auth.routes.ts\n      src/app.ts\n      tests/app.test.ts\n\n    \u001b[0m\u001b[31m\u001b[1m>\u001b[22m\u001b[39m\u001b[90m 1 |\u001b[39m \u001b[36mconst\u001b[39m { \u001b[33mPrismaClient\u001b[39m } \u001b[33m=\u001b[39m require(\u001b[32m'@prisma/client'\u001b[39m)\u001b[33m;\u001b[39m\n     \u001b[90m   |\u001b[39m                          \u001b[31m\u001b[1m^\u001b[22m\u001b[39m\n     \u001b[90m 2 |\u001b[39m \u001b[36mimport\u001b[39m dotenv \u001b[36mfrom\u001b[39m \u001b[32m'dotenv'\u001b[39m\u001b[33m;\u001b[39m\n     \u001b[90m 3 |\u001b[39m dotenv\u001b[33m.\u001b[39mconfig()\u001b[33m;\u001b[39m\n     \u001b[90m 4 |\u001b[39m\u001b[0m\n\n      \u001b[2mat Resolver._throwModNotFoundError (\u001b[22mnode_modules/jest-resolve/build/resolver.js\u001b[2m:427:11)\u001b[22m\n      \u001b[2mat Object.<anonymous> (\u001b[22mnode_modules/@prisma/client/default.js\u001b[2m:2:6)\u001b[22m\n      \u001b[2mat Object.require (\u001b[22msrc/config/db.ts\u001b[2m:1:26)\u001b[22m\n      \u001b[2mat Object.require (\u001b[22msrc/models/user.model.ts\u001b[2m:1:1)\u001b[22m\n      \u001b[2mat Object.require (\u001b[22msrc/services/auth.service.ts\u001b[2m:2:1)\u001b[22m\n      \u001b[2mat Object.require (\u001b[22msrc/controllers/auth.controller.ts\u001b[2m:2:1)\u001b[22m\n      \u001b[2mat Object.require (\u001b[22msrc/routes/auth.routes.ts\u001b[2m:2:1)\u001b[22m\n      \u001b[2mat Object.require (\u001b[22msrc/app.ts\u001b[2m:10:1)\u001b[22m\n      \u001b[2mat Object.<anonymous> (\u001b[22m\u001b[0m\u001b[36mtests/app.test.ts\u001b[39m\u001b[0m\u001b[2m:2:1)\u001b[22m\n","name":"C:\\Users\\goely\\OneDrive\\Desktop\\yash_incubyte\\backend\\tests\\app.test.ts","startTime":1785327785123,"status":"failed","summary":""},{"assertionResults":[],"coverage":{},"endTime":1785327785124,"message":"  \u001b[1m● \u001b[22mTest suite failed to run\n\n    Cannot find module '.prisma/client/default' from 'node_modules/@prisma/client/default.js'\n\n    Require stack:\n      node_modules/@prisma/client/default.js\n      src/config/db.ts\n      src/models/user.model.ts\n      src/services/auth.service.ts\n      src/controllers/auth.controller.ts\n      src/routes/auth.routes.ts\n      src/app.ts\n      tests/auth.test.ts\n\n    \u001b[0m\u001b[31m\u001b[1m>\u001b[22m\u001b[39m\u001b[90m 1 |\u001b[39m \u001b[36mconst\u001b[39m { \u001b[33mPrismaClient\u001b[39m } \u001b[33m=\u001b[39m require(\u001b[32m'@prisma/client'\u001b[39m)\u001b[33m;\u001b[39m\n     \u001b[90m   |\u001b[39m                          \u001b[31m\u001b[1m^\u001b[22m\u001b[39m\n     \u001b[90m 2 |\u001b[39m \u001b[36mimport\u001b[39m dotenv \u001b[36mfrom\u001b[39m \u001b[32m'dotenv'\u001b[39m\u001b[33m;\u001b[39m\n     \u001b[90m 3 |\u001b[39m dotenv\u001b[33m.\u001b[39mconfig()\u001b[33m;\u001b[39m\n     \u001b[90m 4 |\u001b[39m\u001b[0m\n\n      \u001b[2mat Resolver._throwModNotFoundError (\u001b[22mnode_modules/jest-resolve/build/resolver.js\u001b[2m:427:11)\u001b[22m\n      \u001b[2mat Object.<anonymous> (\u001b[22mnode_modules/@prisma/client/default.js\u001b[2m:2:6)\u001b[22m\n      \u001b[2mat Object.require (\u001b[22msrc/config/db.ts\u001b[2m:1:26)\u001b[22m\n      \u001b[2mat Object.require (\u001b[22msrc/models/user.model.ts\u001b[2m:1:1)\u001b[22m\n      \u001b[2mat Object.require (\u001b[22msrc/services/auth.service.ts\u001b[2m:2:1)\u001b[22m\n      \u001b[2mat Object.require (\u001b[22msrc/controllers/auth.controller.ts\u001b[2m:2:1)\u001b[22m\n      \u001b[2mat Object.require (\u001b[22msrc/routes/auth.routes.ts\u001b[2m:2:1)\u001b[22m\n      \u001b[2mat Object.require (\u001b[22msrc/app.ts\u001b[2m:10:1)\u001b[22m\n      \u001b[2mat Object.<anonymous> (\u001b[22m\u001b[0m\u001b[36mtests/auth.test.ts\u001b[39m\u001b[0m\u001b[2m:2:1)\u001b[22m\n","name":"C:\\Users\\goely\\OneDrive\\Desktop\\yash_incubyte\\backend\\tests\\auth.test.ts","startTime":1785327785124,"status":"failed","summary":""}],"wasInterrupted":false,"coverageMap":{}}
